# JRE version: Java(TM) SE Runtime Environment (8.0_211-b12) (build 1.8.0_211-b12)
# Java VM: Java HotSpot(TM) 64-Bit Server VM (25.211-b12 mixed mode windows-amd64 compressed oops)
Heap:
 PSYoungGen      total 142336K, used 110862K [0x0000000780800000, 0x000000078a680000, 0x00000007c0000000)
  eden space 131584K, 76% used [0x0000000780800000,0x00000007869f1858,0x0000000788880000)
  from space 10752K, 98% used [0x0000000789100000,0x0000000789b52090,0x0000000789b80000)
  to   space 11264K, 0% used [0x0000000789b80000,0x0000000789b80000,0x000000078a680000)
 ParOldGen       total 143872K, used 24674K [0x0000000701800000, 0x000000070a480000, 0x0000000780800000)
  object space 143872K, 17% used [0x0000000701800000,0x0000000703018878,0x000000070a480000)
 Metaspace       used 48342K, capacity 51105K, committed 51200K, reserved 1093632K
  class space    used 6620K, capacity 7128K, committed 7168K, reserved 1048576K
GC Heap History (10 events):
Event: 228667.397 GC heap before
{Heap before GC invocations=15 (full 2):
 PSYoungGen      total 161280K, used 160984K [0x0000000780800000, 0x000000078cb00000, 0x00000007c0000000)
  eden space 150528K, 100% used [0x0000000780800000,0x0000000789b00000,0x0000000789b00000)
  from space 10752K, 97% used [0x000000078c080000,0x000000078cab6080,0x000000078cb00000)
  to   space 18432K, 0% used [0x000000078a700000,0x000000078a700000,0x000000078b900000)
 ParOldGen       total 143872K, used 24634K [0x0000000701800000, 0x000000070a480000, 0x0000000780800000)
  object space 143872K, 17% used [0x0000000701800000,0x000000070300e878,0x000000070a480000)
 Metaspace       used 48264K, capacity 50945K, committed 51200K, reserved 1093632K
  class space    used 6617K, capacity 7096K, committed 7168K, reserved 1048576K
Event: 228667.413 GC heap after
Heap after GC invocations=15 (full 2):
 PSYoungGen      total 157184K, used 10360K [0x0000000780800000, 0x000000078c100000, 0x00000007c0000000)
  eden space 146432K, 0% used [0x0000000780800000,0x0000000780800000,0x0000000789700000)
  from space 10752K, 96% used [0x000000078a700000,0x000000078b11e080,0x000000078b180000)
  to   space 15872K, 0% used [0x000000078b180000,0x000000078b180000,0x000000078c100000)
 ParOldGen       total 143872K, used 24642K [0x0000000701800000, 0x000000070a480000, 0x0000000780800000)
  object space 143872K, 17% used [0x0000000701800000,0x0000000703010878,0x000000070a480000)
 Metaspace       used 48264K, capacity 50945K, committed 51200K, reserved 1093632K
  class space    used 6617K, capacity 7096K, committed 7168K, reserved 1048576K
}
Event: 228993.742 GC heap before
{Heap before GC invocations=16 (full 2):
 PSYoungGen      total 157184K, used 156792K [0x0000000780800000, 0x000000078c100000, 0x00000007c0000000)
  eden space 146432K, 100% used [0x0000000780800000,0x0000000789700000,0x0000000789700000)
  from space 10752K, 96% used [0x000000078a700000,0x000000078b11e080,0x000000078b180000)
  to   space 15872K, 0% used [0x000000078b180000,0x000000078b180000,0x000000078c100000)
 ParOldGen       total 143872K, used 24642K [0x0000000701800000, 0x000000070a480000, 0x0000000780800000)
  object space 143872K, 17% used [0x0000000701800000,0x0000000703010878,0x000000070a480000)
 Metaspace       used 48269K, capacity 51009K, committed 51200K, reserved 1093632K
  class space    used 6617K, capacity 7096K, committed 7168K, reserved 1048576K
Event: 228993.758 GC heap after
Heap after GC invocations=16 (full 2):
 PSYoungGen      total 153088K, used 10350K [0x0000000780800000, 0x000000078bc00000, 0x00000007c0000000)
  eden space 142336K, 0% used [0x0000000780800000,0x0000000780800000,0x0000000789300000)
  from space 10752K, 96% used [0x000000078b180000,0x000000078bb9ba98,0x000000078bc00000)
  to   space 16896K, 0% used [0x0000000789b00000,0x0000000789b00000,0x000000078ab80000)
 ParOldGen       total 143872K, used 24650K [0x0000000701800000, 0x000000070a480000, 0x0000000780800000)
  object space 143872K, 17% used [0x0000000701800000,0x0000000703012878,0x000000070a480000)
 Metaspace       used 48269K, capacity 51009K, committed 51200K, reserved 1093632K
  class space    used 6617K, capacity 7096K, committed 7168K, reserved 1048576K
}
Event: 229310.371 GC heap before
{Heap before GC invocations=17 (full 2):
 PSYoungGen      total 153088K, used 152686K [0x0000000780800000, 0x000000078bc00000, 0x00000007c0000000)
  eden space 142336K, 100% used [0x0000000780800000,0x0000000789300000,0x0000000789300000)
  from space 10752K, 96% used [0x000000078b180000,0x000000078bb9ba98,0x000000078bc00000)
  to   space 16896K, 0% used [0x0000000789b00000,0x0000000789b00000,0x000000078ab80000)
 ParOldGen       total 143872K, used 24650K [0x0000000701800000, 0x000000070a480000, 0x0000000780800000)
  object space 143872K, 17% used [0x0000000701800000,0x0000000703012878,0x000000070a480000)
 Metaspace       used 48282K, capacity 51009K, committed 51200K, reserved 1093632K
  class space    used 6618K, capacity 7096K, committed 7168K, reserved 1048576K
Event: 229310.388 GC heap after
Heap after GC invocations=17 (full 2):
 PSYoungGen      total 149504K, used 10408K [0x0000000780800000, 0x000000078b200000, 0x00000007c0000000)
  eden space 138752K, 0% used [0x0000000780800000,0x0000000780800000,0x0000000788f80000)
  from space 10752K, 96% used [0x0000000789b00000,0x000000078a52a070,0x000000078a580000)
  to   space 12800K, 0% used [0x000000078a580000,0x000000078a580000,0x000000078b200000)
 ParOldGen       total 143872K, used 24658K [0x0000000701800000, 0x000000070a480000, 0x0000000780800000)
  object space 143872K, 17% used [0x0000000701800000,0x0000000703014878,0x000000070a480000)
 Metaspace       used 48282K, capacity 51009K, committed 51200K, reserved 1093632K
  class space    used 6618K, capacity 7096K, committed 7168K, reserved 1048576K
}
Event: 229623.720 GC heap before
{Heap before GC invocations=18 (full 2):
 PSYoungGen      total 149504K, used 149160K [0x0000000780800000, 0x000000078b200000, 0x00000007c0000000)
  eden space 138752K, 100% used [0x0000000780800000,0x0000000788f80000,0x0000000788f80000)
  from space 10752K, 96% used [0x0000000789b00000,0x000000078a52a070,0x000000078a580000)
  to   space 12800K, 0% used [0x000000078a580000,0x000000078a580000,0x000000078b200000)
 ParOldGen       total 143872K, used 24658K [0x0000000701800000, 0x000000070a480000, 0x0000000780800000)
  object space 143872K, 17% used [0x0000000701800000,0x0000000703014878,0x000000070a480000)
 Metaspace       used 48295K, capacity 51041K, committed 51200K, reserved 1093632K
  class space    used 6618K, capacity 7128K, committed 7168K, reserved 1048576K
Event: 229623.737 GC heap after
Heap after GC invocations=18 (full 2):
 PSYoungGen      total 145920K, used 10344K [0x0000000780800000, 0x000000078b000000, 0x00000007c0000000)
  eden space 135168K, 0% used [0x0000000780800000,0x0000000780800000,0x0000000788c00000)
  from space 10752K, 96% used [0x000000078a580000,0x000000078af9a090,0x000000078b000000)
  to   space 15872K, 0% used [0x0000000789100000,0x0000000789100000,0x000000078a080000)
 ParOldGen       total 143872K, used 24666K [0x0000000701800000, 0x000000070a480000, 0x0000000780800000)
  object space 143872K, 17% used [0x0000000701800000,0x0000000703016878,0x000000070a480000)
 Metaspace       used 48295K, capacity 51041K, committed 51200K, reserved 1093632K
  class space    used 6618K, capacity 7128K, committed 7168K, reserved 1048576K
}
Event: 229929.267 GC heap before
{Heap before GC invocations=19 (full 2):
 PSYoungGen      total 145920K, used 145512K [0x0000000780800000, 0x000000078b000000, 0x00000007c0000000)
  eden space 135168K, 100% used [0x0000000780800000,0x0000000788c00000,0x0000000788c00000)
  from space 10752K, 96% used [0x000000078a580000,0x000000078af9a090,0x000000078b000000)
  to   space 15872K, 0% used [0x0000000789100000,0x0000000789100000,0x000000078a080000)
 ParOldGen       total 143872K, used 24666K [0x0000000701800000, 0x000000070a480000, 0x0000000780800000)
  object space 143872K, 17% used [0x0000000701800000,0x0000000703016878,0x000000070a480000)
 Metaspace       used 48323K, capacity 51041K, committed 51200K, reserved 1093632K
  class space    used 6619K, capacity 7128K, committed 7168K, reserved 1048576K
Event: 229929.284 GC heap after
Heap after GC invocations=19 (full 2):
 PSYoungGen      total 142336K, used 10568K [0x0000000780800000, 0x000000078a680000, 0x00000007c0000000)
  eden space 131584K, 0% used [0x0000000780800000,0x0000000780800000,0x0000000788880000)
  from space 10752K, 98% used [0x0000000789100000,0x0000000789b52090,0x0000000789b80000)
  to   space 11264K, 0% used [0x0000000789b80000,0x0000000789b80000,0x000000078a680000)
 ParOldGen       total 143872K, used 24674K [0x0000000701800000, 0x000000070a480000, 0x0000000780800000)
  object space 143872K, 17% used [0x0000000701800000,0x0000000703018878,0x000000070a480000)
 Metaspace       used 48323K, capacity 51041K, committed 51200K, reserved 1093632K
  class space    used 6619K, capacity 7128K, committed 7168K, reserved 1048576K
}

